<?xml version="1.0" encoding="UTF-8"?>
<testsuite name="IntroLabTest" tests="1" skipped="0" failures="0" errors="0" timestamp="2022-09-12T17:44:21" hostname="MinGis-MacBook-Air.local" time="0.005">
  <properties/>
  <testcase name="testKwonmi15" classname="IntroLabTest" time="0.005"/>
  <system-out><![CDATA[]]></system-out>
  <system-err><![CDATA[]]></system-err>
</testsuite>
